c:\git\mandel\mandelbrotrenderercuda\x64\debug\vc143.pdb
c:\git\mandel\mandelbrotrenderercuda\x64\debug\vc143.idb
c:\git\mandel\mandelbrotrenderercuda\x64\debug\mcuda.obj
c:\git\mandel\mandelbrotrenderercuda\x64\debug\mandelbrotset.cu.obj
c:\git\mandel\x64\debug\mandelbrotrenderercuda.dll
c:\git\mandel\mandelbrotrenderercuda\x64\debug\mandelbrotrenderercuda.ilk
c:\git\mandel\x64\debug\mandelbrotrenderercuda.pdb
c:\git\mandel\x64\debug\mandelbrotrenderercuda.lib
c:\git\mandel\x64\debug\mandelbrotrenderercuda.exp
c:\git\mandel\mandelbrotrenderercuda\x64\debug\mandelbrotset.cu.cache
c:\git\mandel\mandelbrotrenderercuda\x64\debug\mandelbr.9cf47e32.tlog\cl.command.1.tlog
c:\git\mandel\mandelbrotrenderercuda\x64\debug\mandelbr.9cf47e32.tlog\cl.read.1.tlog
c:\git\mandel\mandelbrotrenderercuda\x64\debug\mandelbr.9cf47e32.tlog\cl.write.1.tlog
c:\git\mandel\mandelbrotrenderercuda\x64\debug\mandelbr.9cf47e32.tlog\cudacompile.read.1u.tlog
c:\git\mandel\mandelbrotrenderercuda\x64\debug\mandelbr.9cf47e32.tlog\cudacompile.write.1u.tlog
c:\git\mandel\mandelbrotrenderercuda\x64\debug\mandelbr.9cf47e32.tlog\link.16576.delete.1.tlog
c:\git\mandel\mandelbrotrenderercuda\x64\debug\mandelbr.9cf47e32.tlog\link.20824.delete.1.tlog
c:\git\mandel\mandelbrotrenderercuda\x64\debug\mandelbr.9cf47e32.tlog\link.command.1.tlog
c:\git\mandel\mandelbrotrenderercuda\x64\debug\mandelbr.9cf47e32.tlog\link.read.1.tlog
c:\git\mandel\mandelbrotrenderercuda\x64\debug\mandelbr.9cf47e32.tlog\link.write.1.tlog
c:\git\mandel\mandelbrotrenderercuda\x64\debug\mandelbr.9cf47e32.tlog\mandelbrotrenderercuda.write.1u.tlog
