c:\git\mandel\mandelbrotrenderercuda\x64\release\vc143.pdb
c:\git\mandel\mandelbrotrenderercuda\x64\release\mcuda.obj
c:\git\mandel\mandelbrotrenderercuda\x64\release\mandelbrotsetcuda.cu.obj
c:\git\mandel\x64\release\mandelbrotrenderercuda.dll
c:\git\mandel\x64\release\mandelbrotrenderercuda.pdb
c:\git\mandel\x64\release\mandelbrotrenderercuda.lib
c:\git\mandel\x64\release\mandelbrotrenderercuda.exp
c:\git\mandel\mandelbrotrenderercuda\x64\release\mandelbrotset.cu.cache
c:\git\mandel\mandelbrotrenderercuda\x64\release\mandelbrotsetcuda.cu.cache
c:\git\mandel\mandelbrotrenderercuda\x64\release\mandelbrotset.cu.obj
c:\git\mandel\mandelbrotrenderercuda\x64\release\mandelbrotrenderercuda.ipdb
c:\git\mandel\mandelbrotrenderercuda\x64\release\mandelbrotrenderercuda.iobj
c:\git\mandel\mandelbrotrenderercuda\x64\release\mandelbr.9cf47e32.tlog\cl.command.1.tlog
c:\git\mandel\mandelbrotrenderercuda\x64\release\mandelbr.9cf47e32.tlog\cl.read.1.tlog
c:\git\mandel\mandelbrotrenderercuda\x64\release\mandelbr.9cf47e32.tlog\cl.write.1.tlog
c:\git\mandel\mandelbrotrenderercuda\x64\release\mandelbr.9cf47e32.tlog\cudacompile.read.1u.tlog
c:\git\mandel\mandelbrotrenderercuda\x64\release\mandelbr.9cf47e32.tlog\cudacompile.write.1u.tlog
c:\git\mandel\mandelbrotrenderercuda\x64\release\mandelbr.9cf47e32.tlog\link.command.1.tlog
c:\git\mandel\mandelbrotrenderercuda\x64\release\mandelbr.9cf47e32.tlog\link.delete.1.tlog
c:\git\mandel\mandelbrotrenderercuda\x64\release\mandelbr.9cf47e32.tlog\link.read.1.tlog
c:\git\mandel\mandelbrotrenderercuda\x64\release\mandelbr.9cf47e32.tlog\link.write.1.tlog
c:\git\mandel\mandelbrotrenderercuda\x64\release\mandelbr.9cf47e32.tlog\mandelbrotrenderercuda.write.1u.tlog
